<?xml version="1.0" encoding="UTF-8"?>
<testng-results ignored="0" total="2" passed="2" failed="0" skipped="0">
  <reporter-output>
  </reporter-output>
  <suite started-at="2021-10-12T21:35:59 EEST" name="Default suite" finished-at="2021-10-12T21:35:59 EEST" duration-ms="36">
    <groups>
    </groups>
    <test started-at="2021-10-12T21:35:59 EEST" name="Default test" finished-at="2021-10-12T21:35:59 EEST" duration-ms="36">
      <class name="selenium.BeforeAfterExample">
        <test-method is-config="true" signature="beforeSuite()[pri:0, instance:selenium.BeforeAfterExample@3d5c822d]" started-at="2021-10-12T21:35:59 EEST" name="beforeSuite" finished-at="2021-10-12T21:35:59 EEST" duration-ms="6" status="PASS">
          <reporter-output>
          </reporter-output>
        </test-method> <!-- beforeSuite -->
        <test-method is-config="true" signature="beforeClass()[pri:0, instance:selenium.BeforeAfterExample@3d5c822d]" started-at="2021-10-12T21:35:59 EEST" name="beforeClass" finished-at="2021-10-12T21:35:59 EEST" duration-ms="0" status="PASS">
          <reporter-output>
          </reporter-output>
        </test-method> <!-- beforeClass -->
        <test-method signature="one()[pri:0, instance:selenium.BeforeAfterExample@3d5c822d]" started-at="2021-10-12T21:35:59 EEST" name="one" finished-at="2021-10-12T21:35:59 EEST" duration-ms="3" status="PASS">
          <reporter-output>
          </reporter-output>
        </test-method> <!-- one -->
        <test-method is-config="true" signature="beforeMethod()[pri:0, instance:selenium.BeforeAfterExample@3d5c822d]" started-at="2021-10-12T21:35:59 EEST" name="beforeMethod" finished-at="2021-10-12T21:35:59 EEST" duration-ms="0" status="PASS">
          <reporter-output>
          </reporter-output>
        </test-method> <!-- beforeMethod -->
        <test-method is-config="true" signature="afterMethod()[pri:0, instance:selenium.BeforeAfterExample@3d5c822d]" started-at="2021-10-12T21:35:59 EEST" name="afterMethod" finished-at="2021-10-12T21:35:59 EEST" duration-ms="0" status="PASS">
          <reporter-output>
          </reporter-output>
        </test-method> <!-- afterMethod -->
        <test-method is-config="true" signature="beforeMethod()[pri:0, instance:selenium.BeforeAfterExample@3d5c822d]" started-at="2021-10-12T21:35:59 EEST" name="beforeMethod" finished-at="2021-10-12T21:35:59 EEST" duration-ms="0" status="PASS">
          <reporter-output>
          </reporter-output>
        </test-method> <!-- beforeMethod -->
        <test-method signature="second()[pri:1, instance:selenium.BeforeAfterExample@3d5c822d]" started-at="2021-10-12T21:35:59 EEST" name="second" finished-at="2021-10-12T21:35:59 EEST" duration-ms="1" status="PASS">
          <reporter-output>
          </reporter-output>
        </test-method> <!-- second -->
        <test-method is-config="true" signature="afterMethod()[pri:0, instance:selenium.BeforeAfterExample@3d5c822d]" started-at="2021-10-12T21:35:59 EEST" name="afterMethod" finished-at="2021-10-12T21:35:59 EEST" duration-ms="0" status="PASS">
          <reporter-output>
          </reporter-output>
        </test-method> <!-- afterMethod -->
        <test-method is-config="true" signature="afterClass()[pri:0, instance:selenium.BeforeAfterExample@3d5c822d]" started-at="2021-10-12T21:35:59 EEST" name="afterClass" finished-at="2021-10-12T21:35:59 EEST" duration-ms="0" status="PASS">
          <reporter-output>
          </reporter-output>
        </test-method> <!-- afterClass -->
        <test-method is-config="true" signature="afterSuite()[pri:0, instance:selenium.BeforeAfterExample@3d5c822d]" started-at="2021-10-12T21:35:59 EEST" name="afterSuite" finished-at="2021-10-12T21:35:59 EEST" duration-ms="1" status="PASS">
          <reporter-output>
          </reporter-output>
        </test-method> <!-- afterSuite -->
      </class> <!-- selenium.BeforeAfterExample -->
    </test> <!-- Default test -->
  </suite> <!-- Default suite -->
</testng-results>
